# Logfile created on Sun Jun 06 18:55:43 -0400 2010  [4;36;1mSQL (0.1ms)[0m   [0;1mSET NAMES 'utf8'[0m
  [4;35;1mSQL (0.1ms)[0m   [0mSET SQL_AUTO_IS_NULL=0[0m
  [4;36;1mSQL (0.7ms)[0m   [0;1mSHOW TABLES[0m
  [4;35;1mSQL (0.2ms)[0m   [0mSELECT version FROM schema_migrations[0m
  [4;36;1mSQL (0.1ms)[0m   [0;1mSET NAMES 'utf8'[0m
  [4;35;1mSQL (0.1ms)[0m   [0mSET SQL_AUTO_IS_NULL=0[0m
  [4;36;1mSQL (2.9ms)[0m   [0;1mDROP DATABASE IF EXISTS `rcworkshop_test`[0m
  [4;35;1mSQL (0.3ms)[0m   [0mCREATE DATABASE `rcworkshop_test` DEFAULT CHARACTER SET `utf8`[0m
  [4;36;1mSQL (0.1ms)[0m   [0;1mSET NAMES 'utf8'[0m
  [4;35;1mSQL (0.1ms)[0m   [0mSET SQL_AUTO_IS_NULL=0[0m
  [4;36;1mSQL (0.3ms)[0m   [0;1mSHOW TABLES[0m
  [4;35;1mSQL (0.2ms)[0m   [0mSELECT version FROM schema_migrations[0m
Migrating to CreateArticles (20100605182757)
Migrating to CreateCategories (20100605183008)
Migrating to CreateStates (20100606122639)
  [4;36;1mSQL (0.4ms)[0m   [0;1mSHOW TABLES[0m
  [4;35;1mSQL (0.2ms)[0m   [0mSELECT version FROM schema_migrations[0m
  [4;36;1mSQL (0.2ms)[0m   [0;1mSHOW TABLES[0m
  [4;35;1mSQL (1.2ms)[0m   [0mSHOW FIELDS FROM `articles`[0m
  [4;36;1mSQL (1.1ms)[0m   [0;1mdescribe `articles`[0m
  [4;35;1mSQL (0.4ms)[0m   [0mSHOW KEYS FROM `articles`[0m
  [4;36;1mSQL (0.1ms)[0m   [0;1mSET NAMES 'utf8'[0m
  [4;35;1mSQL (0.1ms)[0m   [0mSET SQL_AUTO_IS_NULL=0[0m
  [4;36;1mSQL (0.3ms)[0m   [0;1mSHOW TABLES[0m
  [4;35;1mSQL (0.2ms)[0m   [0mSELECT version FROM schema_migrations[0m
  [4;36;1mSQL (0.1ms)[0m   [0;1mSET NAMES 'utf8'[0m
  [4;35;1mSQL (0.1ms)[0m   [0mSET SQL_AUTO_IS_NULL=0[0m
  [4;36;1mSQL (0.5ms)[0m   [0;1mDROP DATABASE IF EXISTS `rcworkshop_test`[0m
  [4;35;1mSQL (0.3ms)[0m   [0mCREATE DATABASE `rcworkshop_test` DEFAULT CHARACTER SET `utf8`[0m
  [4;36;1mSQL (0.1ms)[0m   [0;1mSET NAMES 'utf8'[0m
  [4;35;1mSQL (0.1ms)[0m   [0mSET SQL_AUTO_IS_NULL=0[0m
  [4;36;1mSQL (0.3ms)[0m   [0;1mSHOW TABLES[0m
  [4;35;1mSQL (55.6ms)[0m   [0mCREATE TABLE `articles` (`id` int(11) DEFAULT NULL auto_increment PRIMARY KEY, `title` varchar(255), `body` text, `state_id` int(11), `category_id` int(11), `created_at` datetime, `updated_at` datetime, `state` varchar(255) NOT NULL, `category` varchar(255) NOT NULL) ENGINE=InnoDB[0m
  [4;36;1mSQL (33.5ms)[0m   [0;1mCREATE INDEX `index_articles_on_category_id` ON `articles` (`category_id`)[0m
  [4;35;1mSQL (18.5ms)[0m   [0mCREATE INDEX `index_articles_on_state_id` ON `articles` (`state_id`)[0m
  [4;36;1mSQL (0.4ms)[0m   [0;1mSHOW TABLES[0m
  [4;35;1mSQL (14.5ms)[0m   [0mCREATE TABLE `schema_migrations` (`version` varchar(255) NOT NULL) ENGINE=InnoDB[0m
  [4;36;1mSQL (18.6ms)[0m   [0;1mCREATE UNIQUE INDEX `unique_schema_migrations` ON `schema_migrations` (`version`)[0m
  [4;35;1mSQL (0.4ms)[0m   [0mSHOW TABLES[0m
  [4;36;1mSQL (0.3ms)[0m   [0;1mSELECT version FROM `schema_migrations`[0m
  [4;35;1mSQL (0.5ms)[0m   [0mINSERT INTO `schema_migrations` (version) VALUES ('20100606184104')[0m
  [4;36;1mSQL (0.4ms)[0m   [0;1mINSERT INTO `schema_migrations` (version) VALUES ('20100605182757')[0m
  [4;35;1mSQL (0.4ms)[0m   [0mINSERT INTO `schema_migrations` (version) VALUES ('20100605183008')[0m
  [4;36;1mSQL (0.4ms)[0m   [0;1mINSERT INTO `schema_migrations` (version) VALUES ('20100606122639')[0m
  [4;36;1mSQL (0.1ms)[0m   [0;1mSET NAMES 'utf8'[0m
  [4;35;1mSQL (0.1ms)[0m   [0mSET SQL_AUTO_IS_NULL=0[0m
  [4;36;1mSQL (0.3ms)[0m   [0;1mSHOW TABLES[0m
  [4;35;1mSQL (0.2ms)[0m   [0mSELECT version FROM schema_migrations[0m
  [4;36;1mSQL (0.1ms)[0m   [0;1mSET NAMES 'utf8'[0m
  [4;35;1mSQL (0.1ms)[0m   [0mSET SQL_AUTO_IS_NULL=0[0m
  [4;36;1mSQL (3.0ms)[0m   [0;1mDROP DATABASE IF EXISTS `rcworkshop_test`[0m
  [4;35;1mSQL (0.4ms)[0m   [0mCREATE DATABASE `rcworkshop_test` DEFAULT CHARACTER SET `utf8`[0m
  [4;36;1mSQL (0.1ms)[0m   [0;1mSET NAMES 'utf8'[0m
  [4;35;1mSQL (0.1ms)[0m   [0mSET SQL_AUTO_IS_NULL=0[0m
  [4;36;1mSQL (0.3ms)[0m   [0;1mSHOW TABLES[0m
  [4;35;1mSQL (18.3ms)[0m   [0mCREATE TABLE `articles` (`id` int(11) DEFAULT NULL auto_increment PRIMARY KEY, `title` varchar(255), `body` text, `state_id` int(11), `category_id` int(11), `created_at` datetime, `updated_at` datetime, `state` varchar(255) NOT NULL, `category` varchar(255) NOT NULL) ENGINE=InnoDB[0m
  [4;36;1mSQL (21.8ms)[0m   [0;1mCREATE INDEX `index_articles_on_category_id` ON `articles` (`category_id`)[0m
  [4;35;1mSQL (17.3ms)[0m   [0mCREATE INDEX `index_articles_on_state_id` ON `articles` (`state_id`)[0m
  [4;36;1mSQL (0.3ms)[0m   [0;1mSHOW TABLES[0m
  [4;35;1mSQL (14.3ms)[0m   [0mCREATE TABLE `schema_migrations` (`version` varchar(255) NOT NULL) ENGINE=InnoDB[0m
  [4;36;1mSQL (17.4ms)[0m   [0;1mCREATE UNIQUE INDEX `unique_schema_migrations` ON `schema_migrations` (`version`)[0m
  [4;35;1mSQL (0.3ms)[0m   [0mSHOW TABLES[0m
  [4;36;1mSQL (0.2ms)[0m   [0;1mSELECT version FROM `schema_migrations`[0m
  [4;35;1mSQL (0.4ms)[0m   [0mINSERT INTO `schema_migrations` (version) VALUES ('20100606184104')[0m
  [4;36;1mSQL (0.3ms)[0m   [0;1mINSERT INTO `schema_migrations` (version) VALUES ('20100605182757')[0m
  [4;35;1mSQL (0.3ms)[0m   [0mINSERT INTO `schema_migrations` (version) VALUES ('20100605183008')[0m
  [4;36;1mSQL (0.3ms)[0m   [0;1mINSERT INTO `schema_migrations` (version) VALUES ('20100606122639')[0m
  [4;36;1mSQL (0.1ms)[0m   [0;1mSET NAMES 'utf8'[0m
  [4;35;1mSQL (0.1ms)[0m   [0mSET SQL_AUTO_IS_NULL=0[0m
  [4;36;1mSQL (0.3ms)[0m   [0;1mSHOW TABLES[0m
  [4;35;1mSQL (297.8ms)[0m   [0mCREATE TABLE `schema_migrations` (`version` varchar(255) NOT NULL) ENGINE=InnoDB[0m
  [4;36;1mSQL (40.5ms)[0m   [0;1mCREATE UNIQUE INDEX `unique_schema_migrations` ON `schema_migrations` (`version`)[0m
  [4;35;1mSQL (0.4ms)[0m   [0mSHOW TABLES[0m
  [4;36;1mSQL (0.3ms)[0m   [0;1mSELECT version FROM schema_migrations[0m
Migrating to CreateArticles (20100605182757)
  [4;35;1mSQL (15.3ms)[0m   [0mCREATE TABLE `articles` (`id` int(11) DEFAULT NULL auto_increment PRIMARY KEY, `title` varchar(255), `body` text, `state_id` int(11), `category_id` int(11), `created_at` datetime, `updated_at` datetime) ENGINE=InnoDB[0m
  [4;36;1mSQL (20.3ms)[0m   [0;1mCREATE INDEX `index_articles_on_state_id` ON `articles` (`state_id`)[0m
  [4;35;1mSQL (16.6ms)[0m   [0mCREATE INDEX `index_articles_on_category_id` ON `articles` (`category_id`)[0m
  [4;36;1mSQL (0.6ms)[0m   [0;1mINSERT INTO schema_migrations (version) VALUES ('20100605182757')[0m
Migrating to CreateCategories (20100605183008)
  [4;35;1mSQL (17.5ms)[0m   [0mCREATE TABLE `categories` (`id` int(11) DEFAULT NULL auto_increment PRIMARY KEY, `name` varchar(255), `created_at` datetime, `updated_at` datetime) ENGINE=InnoDB[0m
  [4;36;1mSQL (17.1ms)[0m   [0;1mCREATE INDEX `index_categories_on_name` ON `categories` (`name`)[0m
  [4;35;1mSQL (0.6ms)[0m   [0mINSERT INTO schema_migrations (version) VALUES ('20100605183008')[0m
Migrating to CreateStates (20100606122639)
  [4;36;1mSQL (16.5ms)[0m   [0;1mCREATE TABLE `states` (`id` int(11) DEFAULT NULL auto_increment PRIMARY KEY, `name` varchar(255), `created_at` datetime, `updated_at` datetime) ENGINE=InnoDB[0m
  [4;35;1mSQL (18.3ms)[0m   [0mCREATE INDEX `index_states_on_name` ON `states` (`name`)[0m
  [4;36;1mSQL (0.5ms)[0m   [0;1mINSERT INTO schema_migrations (version) VALUES ('20100606122639')[0m
  [4;35;1mSQL (0.5ms)[0m   [0mSHOW TABLES[0m
  [4;36;1mSQL (0.2ms)[0m   [0;1mSELECT version FROM schema_migrations[0m
  [4;35;1mSQL (0.2ms)[0m   [0mSHOW TABLES[0m
  [4;36;1mSQL (1.3ms)[0m   [0;1mSHOW FIELDS FROM `articles`[0m
  [4;35;1mSQL (1.1ms)[0m   [0mdescribe `articles`[0m
  [4;36;1mSQL (0.5ms)[0m   [0;1mSHOW KEYS FROM `articles`[0m
  [4;35;1mSQL (0.9ms)[0m   [0mSHOW FIELDS FROM `categories`[0m
  [4;36;1mSQL (6.3ms)[0m   [0;1mdescribe `categories`[0m
  [4;35;1mSQL (0.4ms)[0m   [0mSHOW KEYS FROM `categories`[0m
  [4;36;1mSQL (0.9ms)[0m   [0;1mSHOW FIELDS FROM `states`[0m
  [4;35;1mSQL (1.2ms)[0m   [0mdescribe `states`[0m
  [4;36;1mSQL (0.8ms)[0m   [0;1mSHOW KEYS FROM `states`[0m
  [4;36;1mSQL (0.1ms)[0m   [0;1mSET NAMES 'utf8'[0m
  [4;35;1mSQL (0.1ms)[0m   [0mSET SQL_AUTO_IS_NULL=0[0m
  [4;36;1mSQL (0.4ms)[0m   [0;1mSHOW TABLES[0m
  [4;35;1mSQL (0.2ms)[0m   [0mSELECT version FROM schema_migrations[0m
  [4;36;1mSQL (0.1ms)[0m   [0;1mSET NAMES 'utf8'[0m
  [4;35;1mSQL (0.1ms)[0m   [0mSET SQL_AUTO_IS_NULL=0[0m
  [4;36;1mSQL (3.1ms)[0m   [0;1mDROP DATABASE IF EXISTS `rcworkshop_test`[0m
  [4;35;1mSQL (0.3ms)[0m   [0mCREATE DATABASE `rcworkshop_test` DEFAULT CHARACTER SET `utf8`[0m
  [4;36;1mSQL (0.1ms)[0m   [0;1mSET NAMES 'utf8'[0m
  [4;35;1mSQL (0.1ms)[0m   [0mSET SQL_AUTO_IS_NULL=0[0m
  [4;36;1mSQL (0.3ms)[0m   [0;1mSHOW TABLES[0m
  [4;35;1mSQL (17.3ms)[0m   [0mCREATE TABLE `articles` (`id` int(11) DEFAULT NULL auto_increment PRIMARY KEY, `title` varchar(255), `body` text, `state_id` int(11), `category_id` int(11), `created_at` datetime, `updated_at` datetime) ENGINE=InnoDB[0m
  [4;36;1mSQL (19.7ms)[0m   [0;1mCREATE INDEX `index_articles_on_category_id` ON `articles` (`category_id`)[0m
  [4;35;1mSQL (17.1ms)[0m   [0mCREATE INDEX `index_articles_on_state_id` ON `articles` (`state_id`)[0m
  [4;36;1mSQL (0.3ms)[0m   [0;1mSHOW TABLES[0m
  [4;35;1mSQL (15.7ms)[0m   [0mCREATE TABLE `categories` (`id` int(11) DEFAULT NULL auto_increment PRIMARY KEY, `name` varchar(255), `created_at` datetime, `updated_at` datetime) ENGINE=InnoDB[0m
  [4;36;1mSQL (16.2ms)[0m   [0;1mCREATE INDEX `index_categories_on_name` ON `categories` (`name`)[0m
  [4;35;1mSQL (0.4ms)[0m   [0mSHOW TABLES[0m
  [4;36;1mSQL (15.2ms)[0m   [0;1mCREATE TABLE `states` (`id` int(11) DEFAULT NULL auto_increment PRIMARY KEY, `name` varchar(255), `created_at` datetime, `updated_at` datetime) ENGINE=InnoDB[0m
  [4;35;1mSQL (16.8ms)[0m   [0mCREATE INDEX `index_states_on_name` ON `states` (`name`)[0m
  [4;36;1mSQL (0.4ms)[0m   [0;1mSHOW TABLES[0m
  [4;35;1mSQL (13.5ms)[0m   [0mCREATE TABLE `schema_migrations` (`version` varchar(255) NOT NULL) ENGINE=InnoDB[0m
  [4;36;1mSQL (18.0ms)[0m   [0;1mCREATE UNIQUE INDEX `unique_schema_migrations` ON `schema_migrations` (`version`)[0m
  [4;35;1mSQL (0.4ms)[0m   [0mSHOW TABLES[0m
  [4;36;1mSQL (0.2ms)[0m   [0;1mSELECT version FROM `schema_migrations`[0m
  [4;35;1mSQL (0.4ms)[0m   [0mINSERT INTO `schema_migrations` (version) VALUES ('20100606122639')[0m
  [4;36;1mSQL (0.3ms)[0m   [0;1mINSERT INTO `schema_migrations` (version) VALUES ('20100605182757')[0m
  [4;35;1mSQL (0.3ms)[0m   [0mINSERT INTO `schema_migrations` (version) VALUES ('20100605183008')[0m
  [4;36;1mSQL (0.1ms)[0m   [0;1mSET NAMES 'utf8'[0m
  [4;35;1mSQL (0.1ms)[0m   [0mSET SQL_AUTO_IS_NULL=0[0m
  [4;36;1mSQL (2.5ms)[0m   [0;1mSHOW TABLES[0m
  [4;35;1mSQL (0.3ms)[0m   [0mSELECT version FROM schema_migrations[0m
  [4;36;1mSQL (0.1ms)[0m   [0;1mSET NAMES 'utf8'[0m
  [4;35;1mSQL (0.1ms)[0m   [0mSET SQL_AUTO_IS_NULL=0[0m
  [4;36;1mSQL (6.7ms)[0m   [0;1mDROP DATABASE IF EXISTS `rcworkshop_test`[0m
  [4;35;1mSQL (0.3ms)[0m   [0mCREATE DATABASE `rcworkshop_test` DEFAULT CHARACTER SET `utf8`[0m
  [4;36;1mSQL (0.1ms)[0m   [0;1mSET NAMES 'utf8'[0m
  [4;35;1mSQL (0.1ms)[0m   [0mSET SQL_AUTO_IS_NULL=0[0m
  [4;36;1mSQL (0.5ms)[0m   [0;1mSHOW TABLES[0m
  [4;35;1mSQL (63.7ms)[0m   [0mCREATE TABLE `articles` (`id` int(11) DEFAULT NULL auto_increment PRIMARY KEY, `title` varchar(255), `body` text, `state_id` int(11), `category_id` int(11), `created_at` datetime, `updated_at` datetime) ENGINE=InnoDB[0m
  [4;36;1mSQL (46.6ms)[0m   [0;1mCREATE INDEX `index_articles_on_category_id` ON `articles` (`category_id`)[0m
  [4;35;1mSQL (18.6ms)[0m   [0mCREATE INDEX `index_articles_on_state_id` ON `articles` (`state_id`)[0m
  [4;36;1mSQL (0.4ms)[0m   [0;1mSHOW TABLES[0m
  [4;35;1mSQL (14.9ms)[0m   [0mCREATE TABLE `categories` (`id` int(11) DEFAULT NULL auto_increment PRIMARY KEY, `name` varchar(255), `created_at` datetime, `updated_at` datetime) ENGINE=InnoDB[0m
  [4;36;1mSQL (17.2ms)[0m   [0;1mCREATE INDEX `index_categories_on_name` ON `categories` (`name`)[0m
  [4;35;1mSQL (0.4ms)[0m   [0mSHOW TABLES[0m
  [4;36;1mSQL (15.2ms)[0m   [0;1mCREATE TABLE `states` (`id` int(11) DEFAULT NULL auto_increment PRIMARY KEY, `name` varchar(255), `created_at` datetime, `updated_at` datetime) ENGINE=InnoDB[0m
  [4;35;1mSQL (17.4ms)[0m   [0mCREATE INDEX `index_states_on_name` ON `states` (`name`)[0m
  [4;36;1mSQL (0.4ms)[0m   [0;1mSHOW TABLES[0m
  [4;35;1mSQL (13.4ms)[0m   [0mCREATE TABLE `schema_migrations` (`version` varchar(255) NOT NULL) ENGINE=InnoDB[0m
  [4;36;1mSQL (16.4ms)[0m   [0;1mCREATE UNIQUE INDEX `unique_schema_migrations` ON `schema_migrations` (`version`)[0m
  [4;35;1mSQL (0.4ms)[0m   [0mSHOW TABLES[0m
  [4;36;1mSQL (0.2ms)[0m   [0;1mSELECT version FROM `schema_migrations`[0m
  [4;35;1mSQL (0.4ms)[0m   [0mINSERT INTO `schema_migrations` (version) VALUES ('20100606122639')[0m
  [4;36;1mSQL (0.3ms)[0m   [0;1mINSERT INTO `schema_migrations` (version) VALUES ('20100605182757')[0m
  [4;35;1mSQL (0.3ms)[0m   [0mINSERT INTO `schema_migrations` (version) VALUES ('20100605183008')[0m
